<?xml version="1.0" encoding="UTF-8"?>
<!-- Generated by org.testng.reporters.JUnitXMLReporter -->
<testsuite hostname="SHRXBA" ignored="1" name="Default test" tests="1" failures="0" timestamp="08 Oct 2021 09:52:27 GMT" time="1.782" errors="0">
  <testcase name="gettingAllRepositories" time="1.442" classname="com.lti.day2.GitHubTest"/>
  <testcase name="createRepositories" time="0.0" classname="com.lti.day2.GitHubTest">
    <ignored/>
  </testcase> <!-- createRepositories -->
</testsuite> <!-- Default test -->
